=== puma startup: 2019-06-24 19:05:45 +0000 ===
No such file or directory @ rb_sysopen - /home/ubuntu/.pids/puma.pid
/home/ubuntu/.rbenv/versions/2.3.0/lib/ruby/gems/2.3.0/gems/puma-3.12.1/lib/puma/launcher.rb:133:in `initialize'
/home/ubuntu/.rbenv/versions/2.3.0/lib/ruby/gems/2.3.0/gems/puma-3.12.1/lib/puma/launcher.rb:133:in `open'
/home/ubuntu/.rbenv/versions/2.3.0/lib/ruby/gems/2.3.0/gems/puma-3.12.1/lib/puma/launcher.rb:133:in `write_pid'
/home/ubuntu/.rbenv/versions/2.3.0/lib/ruby/gems/2.3.0/gems/puma-3.12.1/lib/puma/launcher.rb:106:in `write_state'
/home/ubuntu/.rbenv/versions/2.3.0/lib/ruby/gems/2.3.0/gems/puma-3.12.1/lib/puma/cluster.rb:460:in `run'
/home/ubuntu/.rbenv/versions/2.3.0/lib/ruby/gems/2.3.0/gems/puma-3.12.1/lib/puma/launcher.rb:186:in `run'
/home/ubuntu/.rbenv/versions/2.3.0/lib/ruby/gems/2.3.0/gems/puma-3.12.1/lib/puma/cli.rb:80:in `run'
/home/ubuntu/.rbenv/versions/2.3.0/lib/ruby/gems/2.3.0/gems/puma-3.12.1/lib/puma/control_cli.rb:261:in `start'
/home/ubuntu/.rbenv/versions/2.3.0/lib/ruby/gems/2.3.0/gems/puma-3.12.1/lib/puma/control_cli.rb:225:in `run'
/home/ubuntu/.rbenv/versions/2.3.0/lib/ruby/gems/2.3.0/gems/puma-3.12.1/bin/pumactl:8:in `<top (required)>'
/home/ubuntu/.rbenv/versions/2.3.0/bin/pumactl:23:in `load'
/home/ubuntu/.rbenv/versions/2.3.0/bin/pumactl:23:in `<top (required)>'
/home/ubuntu/.rbenv/versions/2.3.0/lib/ruby/gems/2.3.0/gems/bundler-1.17.3/lib/bundler/cli/exec.rb:74:in `load'
/home/ubuntu/.rbenv/versions/2.3.0/lib/ruby/gems/2.3.0/gems/bundler-1.17.3/lib/bundler/cli/exec.rb:74:in `kernel_load'
/home/ubuntu/.rbenv/versions/2.3.0/lib/ruby/gems/2.3.0/gems/bundler-1.17.3/lib/bundler/cli/exec.rb:28:in `run'
/home/ubuntu/.rbenv/versions/2.3.0/lib/ruby/gems/2.3.0/gems/bundler-1.17.3/lib/bundler/cli.rb:463:in `exec'
/home/ubuntu/.rbenv/versions/2.3.0/lib/ruby/gems/2.3.0/gems/bundler-1.17.3/lib/bundler/vendor/thor/lib/thor/command.rb:27:in `run'
/home/ubuntu/.rbenv/versions/2.3.0/lib/ruby/gems/2.3.0/gems/bundler-1.17.3/lib/bundler/vendor/thor/lib/thor/invocation.rb:126:in `invoke_command'
/home/ubuntu/.rbenv/versions/2.3.0/lib/ruby/gems/2.3.0/gems/bundler-1.17.3/lib/bundler/vendor/thor/lib/thor.rb:387:in `dispatch'
/home/ubuntu/.rbenv/versions/2.3.0/lib/ruby/gems/2.3.0/gems/bundler-1.17.3/lib/bundler/cli.rb:27:in `dispatch'
/home/ubuntu/.rbenv/versions/2.3.0/lib/ruby/gems/2.3.0/gems/bundler-1.17.3/lib/bundler/vendor/thor/lib/thor/base.rb:466:in `start'
/home/ubuntu/.rbenv/versions/2.3.0/lib/ruby/gems/2.3.0/gems/bundler-1.17.3/lib/bundler/cli.rb:18:in `start'
/home/ubuntu/.rbenv/versions/2.3.0/lib/ruby/gems/2.3.0/gems/bundler-1.17.3/exe/bundle:30:in `block in <top (required)>'
/home/ubuntu/.rbenv/versions/2.3.0/lib/ruby/gems/2.3.0/gems/bundler-1.17.3/lib/bundler/friendly_errors.rb:124:in `with_friendly_errors'
/home/ubuntu/.rbenv/versions/2.3.0/lib/ruby/gems/2.3.0/gems/bundler-1.17.3/exe/bundle:22:in `<top (required)>'
/home/ubuntu/.rbenv/versions/2.3.0/bin/bundle:23:in `load'
/home/ubuntu/.rbenv/versions/2.3.0/bin/bundle:23:in `<main>'
=== puma startup: 2019-06-24 19:06:49 +0000 ===
No such file or directory @ rb_sysopen - /home/ubuntu/.pids/puma.pid
/home/ubuntu/.rbenv/versions/2.3.0/lib/ruby/gems/2.3.0/gems/puma-3.12.1/lib/puma/launcher.rb:133:in `initialize'
/home/ubuntu/.rbenv/versions/2.3.0/lib/ruby/gems/2.3.0/gems/puma-3.12.1/lib/puma/launcher.rb:133:in `open'
/home/ubuntu/.rbenv/versions/2.3.0/lib/ruby/gems/2.3.0/gems/puma-3.12.1/lib/puma/launcher.rb:133:in `write_pid'
/home/ubuntu/.rbenv/versions/2.3.0/lib/ruby/gems/2.3.0/gems/puma-3.12.1/lib/puma/launcher.rb:106:in `write_state'
/home/ubuntu/.rbenv/versions/2.3.0/lib/ruby/gems/2.3.0/gems/puma-3.12.1/lib/puma/cluster.rb:460:in `run'
/home/ubuntu/.rbenv/versions/2.3.0/lib/ruby/gems/2.3.0/gems/puma-3.12.1/lib/puma/launcher.rb:186:in `run'
/home/ubuntu/.rbenv/versions/2.3.0/lib/ruby/gems/2.3.0/gems/puma-3.12.1/lib/puma/cli.rb:80:in `run'
/home/ubuntu/.rbenv/versions/2.3.0/lib/ruby/gems/2.3.0/gems/puma-3.12.1/lib/puma/control_cli.rb:261:in `start'
/home/ubuntu/.rbenv/versions/2.3.0/lib/ruby/gems/2.3.0/gems/puma-3.12.1/lib/puma/control_cli.rb:225:in `run'
/home/ubuntu/.rbenv/versions/2.3.0/lib/ruby/gems/2.3.0/gems/puma-3.12.1/bin/pumactl:8:in `<top (required)>'
/home/ubuntu/.rbenv/versions/2.3.0/bin/pumactl:23:in `load'
/home/ubuntu/.rbenv/versions/2.3.0/bin/pumactl:23:in `<top (required)>'
/home/ubuntu/.rbenv/versions/2.3.0/lib/ruby/gems/2.3.0/gems/bundler-2.0.2/lib/bundler/cli/exec.rb:74:in `load'
/home/ubuntu/.rbenv/versions/2.3.0/lib/ruby/gems/2.3.0/gems/bundler-2.0.2/lib/bundler/cli/exec.rb:74:in `kernel_load'
/home/ubuntu/.rbenv/versions/2.3.0/lib/ruby/gems/2.3.0/gems/bundler-2.0.2/lib/bundler/cli/exec.rb:28:in `run'
/home/ubuntu/.rbenv/versions/2.3.0/lib/ruby/gems/2.3.0/gems/bundler-2.0.2/lib/bundler/cli.rb:465:in `exec'
/home/ubuntu/.rbenv/versions/2.3.0/lib/ruby/gems/2.3.0/gems/bundler-2.0.2/lib/bundler/vendor/thor/lib/thor/command.rb:27:in `run'
/home/ubuntu/.rbenv/versions/2.3.0/lib/ruby/gems/2.3.0/gems/bundler-2.0.2/lib/bundler/vendor/thor/lib/thor/invocation.rb:126:in `invoke_command'
/home/ubuntu/.rbenv/versions/2.3.0/lib/ruby/gems/2.3.0/gems/bundler-2.0.2/lib/bundler/vendor/thor/lib/thor.rb:387:in `dispatch'
/home/ubuntu/.rbenv/versions/2.3.0/lib/ruby/gems/2.3.0/gems/bundler-2.0.2/lib/bundler/cli.rb:27:in `dispatch'
/home/ubuntu/.rbenv/versions/2.3.0/lib/ruby/gems/2.3.0/gems/bundler-2.0.2/lib/bundler/vendor/thor/lib/thor/base.rb:466:in `start'
/home/ubuntu/.rbenv/versions/2.3.0/lib/ruby/gems/2.3.0/gems/bundler-2.0.2/lib/bundler/cli.rb:18:in `start'
/home/ubuntu/.rbenv/versions/2.3.0/lib/ruby/gems/2.3.0/gems/bundler-2.0.2/exe/bundle:30:in `block in <top (required)>'
/home/ubuntu/.rbenv/versions/2.3.0/lib/ruby/gems/2.3.0/gems/bundler-2.0.2/lib/bundler/friendly_errors.rb:124:in `with_friendly_errors'
/home/ubuntu/.rbenv/versions/2.3.0/lib/ruby/gems/2.3.0/gems/bundler-2.0.2/exe/bundle:22:in `<top (required)>'
/home/ubuntu/.rbenv/versions/2.3.0/bin/bundle:23:in `load'
/home/ubuntu/.rbenv/versions/2.3.0/bin/bundle:23:in `<main>'
=== puma startup: 2019-06-24 19:12:06 +0000 ===
No such file or directory @ rb_sysopen - /home/ubuntu/.pids/puma.pid
/home/ubuntu/elmhurst/vendor/bundle/ruby/2.3.0/gems/puma-3.12.1/lib/puma/launcher.rb:133:in `initialize'
/home/ubuntu/elmhurst/vendor/bundle/ruby/2.3.0/gems/puma-3.12.1/lib/puma/launcher.rb:133:in `open'
/home/ubuntu/elmhurst/vendor/bundle/ruby/2.3.0/gems/puma-3.12.1/lib/puma/launcher.rb:133:in `write_pid'
/home/ubuntu/elmhurst/vendor/bundle/ruby/2.3.0/gems/puma-3.12.1/lib/puma/launcher.rb:106:in `write_state'
/home/ubuntu/elmhurst/vendor/bundle/ruby/2.3.0/gems/puma-3.12.1/lib/puma/cluster.rb:460:in `run'
/home/ubuntu/elmhurst/vendor/bundle/ruby/2.3.0/gems/puma-3.12.1/lib/puma/launcher.rb:186:in `run'
/home/ubuntu/elmhurst/vendor/bundle/ruby/2.3.0/gems/puma-3.12.1/lib/puma/cli.rb:80:in `run'
/home/ubuntu/elmhurst/vendor/bundle/ruby/2.3.0/gems/puma-3.12.1/lib/puma/control_cli.rb:261:in `start'
/home/ubuntu/elmhurst/vendor/bundle/ruby/2.3.0/gems/puma-3.12.1/lib/puma/control_cli.rb:225:in `run'
/home/ubuntu/elmhurst/vendor/bundle/ruby/2.3.0/gems/puma-3.12.1/bin/pumactl:8:in `<top (required)>'
/home/ubuntu/elmhurst/vendor/bundle/ruby/2.3.0/bin/pumactl:23:in `load'
/home/ubuntu/elmhurst/vendor/bundle/ruby/2.3.0/bin/pumactl:23:in `<top (required)>'
/home/ubuntu/.rbenv/versions/2.3.0/lib/ruby/gems/2.3.0/gems/bundler-2.0.2/lib/bundler/cli/exec.rb:74:in `load'
/home/ubuntu/.rbenv/versions/2.3.0/lib/ruby/gems/2.3.0/gems/bundler-2.0.2/lib/bundler/cli/exec.rb:74:in `kernel_load'
/home/ubuntu/.rbenv/versions/2.3.0/lib/ruby/gems/2.3.0/gems/bundler-2.0.2/lib/bundler/cli/exec.rb:28:in `run'
/home/ubuntu/.rbenv/versions/2.3.0/lib/ruby/gems/2.3.0/gems/bundler-2.0.2/lib/bundler/cli.rb:465:in `exec'
/home/ubuntu/.rbenv/versions/2.3.0/lib/ruby/gems/2.3.0/gems/bundler-2.0.2/lib/bundler/vendor/thor/lib/thor/command.rb:27:in `run'
/home/ubuntu/.rbenv/versions/2.3.0/lib/ruby/gems/2.3.0/gems/bundler-2.0.2/lib/bundler/vendor/thor/lib/thor/invocation.rb:126:in `invoke_command'
/home/ubuntu/.rbenv/versions/2.3.0/lib/ruby/gems/2.3.0/gems/bundler-2.0.2/lib/bundler/vendor/thor/lib/thor.rb:387:in `dispatch'
/home/ubuntu/.rbenv/versions/2.3.0/lib/ruby/gems/2.3.0/gems/bundler-2.0.2/lib/bundler/cli.rb:27:in `dispatch'
/home/ubuntu/.rbenv/versions/2.3.0/lib/ruby/gems/2.3.0/gems/bundler-2.0.2/lib/bundler/vendor/thor/lib/thor/base.rb:466:in `start'
/home/ubuntu/.rbenv/versions/2.3.0/lib/ruby/gems/2.3.0/gems/bundler-2.0.2/lib/bundler/cli.rb:18:in `start'
/home/ubuntu/.rbenv/versions/2.3.0/lib/ruby/gems/2.3.0/gems/bundler-2.0.2/exe/bundle:30:in `block in <top (required)>'
/home/ubuntu/.rbenv/versions/2.3.0/lib/ruby/gems/2.3.0/gems/bundler-2.0.2/lib/bundler/friendly_errors.rb:124:in `with_friendly_errors'
/home/ubuntu/.rbenv/versions/2.3.0/lib/ruby/gems/2.3.0/gems/bundler-2.0.2/exe/bundle:22:in `<top (required)>'
/home/ubuntu/.rbenv/versions/2.3.0/bin/bundle:23:in `load'
/home/ubuntu/.rbenv/versions/2.3.0/bin/bundle:23:in `<main>'
=== puma startup: 2019-06-24 19:23:49 +0000 ===
=== puma startup: 2019-06-24 19:24:45 +0000 ===
=== puma startup: 2019-06-24 19:34:04 +0000 ===
Exiting
=== puma startup: 2019-06-24 19:36:14 +0000 ===
Exiting
=== puma startup: 2019-06-24 19:36:23 +0000 ===
=== puma startup: 2019-06-24 19:37:08 +0000 ===
=== puma startup: 2019-06-24 19:38:40 +0000 ===
No such file or directory @ rb_sysopen - /home/deploy/.pids/puma.pid
/home/ubuntu/elmhurst/vendor/bundle/ruby/2.3.0/gems/puma-3.12.1/lib/puma/launcher.rb:133:in `initialize'
/home/ubuntu/elmhurst/vendor/bundle/ruby/2.3.0/gems/puma-3.12.1/lib/puma/launcher.rb:133:in `open'
/home/ubuntu/elmhurst/vendor/bundle/ruby/2.3.0/gems/puma-3.12.1/lib/puma/launcher.rb:133:in `write_pid'
/home/ubuntu/elmhurst/vendor/bundle/ruby/2.3.0/gems/puma-3.12.1/lib/puma/launcher.rb:106:in `write_state'
/home/ubuntu/elmhurst/vendor/bundle/ruby/2.3.0/gems/puma-3.12.1/lib/puma/cluster.rb:460:in `run'
/home/ubuntu/elmhurst/vendor/bundle/ruby/2.3.0/gems/puma-3.12.1/lib/puma/launcher.rb:186:in `run'
/home/ubuntu/elmhurst/vendor/bundle/ruby/2.3.0/gems/puma-3.12.1/lib/puma/cli.rb:80:in `run'
/home/ubuntu/elmhurst/vendor/bundle/ruby/2.3.0/gems/puma-3.12.1/lib/puma/control_cli.rb:261:in `start'
/home/ubuntu/elmhurst/vendor/bundle/ruby/2.3.0/gems/puma-3.12.1/lib/puma/control_cli.rb:225:in `run'
/home/ubuntu/elmhurst/vendor/bundle/ruby/2.3.0/gems/puma-3.12.1/bin/pumactl:8:in `<top (required)>'
/home/ubuntu/elmhurst/vendor/bundle/ruby/2.3.0/bin/pumactl:23:in `load'
/home/ubuntu/elmhurst/vendor/bundle/ruby/2.3.0/bin/pumactl:23:in `<top (required)>'
/home/ubuntu/.rbenv/versions/2.3.0/lib/ruby/gems/2.3.0/gems/bundler-2.0.2/lib/bundler/cli/exec.rb:74:in `load'
/home/ubuntu/.rbenv/versions/2.3.0/lib/ruby/gems/2.3.0/gems/bundler-2.0.2/lib/bundler/cli/exec.rb:74:in `kernel_load'
/home/ubuntu/.rbenv/versions/2.3.0/lib/ruby/gems/2.3.0/gems/bundler-2.0.2/lib/bundler/cli/exec.rb:28:in `run'
/home/ubuntu/.rbenv/versions/2.3.0/lib/ruby/gems/2.3.0/gems/bundler-2.0.2/lib/bundler/cli.rb:465:in `exec'
/home/ubuntu/.rbenv/versions/2.3.0/lib/ruby/gems/2.3.0/gems/bundler-2.0.2/lib/bundler/vendor/thor/lib/thor/command.rb:27:in `run'
/home/ubuntu/.rbenv/versions/2.3.0/lib/ruby/gems/2.3.0/gems/bundler-2.0.2/lib/bundler/vendor/thor/lib/thor/invocation.rb:126:in `invoke_command'
/home/ubuntu/.rbenv/versions/2.3.0/lib/ruby/gems/2.3.0/gems/bundler-2.0.2/lib/bundler/vendor/thor/lib/thor.rb:387:in `dispatch'
/home/ubuntu/.rbenv/versions/2.3.0/lib/ruby/gems/2.3.0/gems/bundler-2.0.2/lib/bundler/cli.rb:27:in `dispatch'
/home/ubuntu/.rbenv/versions/2.3.0/lib/ruby/gems/2.3.0/gems/bundler-2.0.2/lib/bundler/vendor/thor/lib/thor/base.rb:466:in `start'
/home/ubuntu/.rbenv/versions/2.3.0/lib/ruby/gems/2.3.0/gems/bundler-2.0.2/lib/bundler/cli.rb:18:in `start'
/home/ubuntu/.rbenv/versions/2.3.0/lib/ruby/gems/2.3.0/gems/bundler-2.0.2/exe/bundle:30:in `block in <top (required)>'
/home/ubuntu/.rbenv/versions/2.3.0/lib/ruby/gems/2.3.0/gems/bundler-2.0.2/lib/bundler/friendly_errors.rb:124:in `with_friendly_errors'
/home/ubuntu/.rbenv/versions/2.3.0/lib/ruby/gems/2.3.0/gems/bundler-2.0.2/exe/bundle:22:in `<top (required)>'
/home/ubuntu/.rbenv/versions/2.3.0/bin/bundle:23:in `load'
/home/ubuntu/.rbenv/versions/2.3.0/bin/bundle:23:in `<main>'
=== puma startup: 2019-06-24 19:40:18 +0000 ===
Permission denied @ rb_sysopen - /home/ubuntu/elmhurst/shared/pids/puma.pid
/home/ubuntu/elmhurst/vendor/bundle/ruby/2.3.0/gems/puma-3.12.1/lib/puma/launcher.rb:133:in `initialize'
/home/ubuntu/elmhurst/vendor/bundle/ruby/2.3.0/gems/puma-3.12.1/lib/puma/launcher.rb:133:in `open'
/home/ubuntu/elmhurst/vendor/bundle/ruby/2.3.0/gems/puma-3.12.1/lib/puma/launcher.rb:133:in `write_pid'
/home/ubuntu/elmhurst/vendor/bundle/ruby/2.3.0/gems/puma-3.12.1/lib/puma/launcher.rb:106:in `write_state'
/home/ubuntu/elmhurst/vendor/bundle/ruby/2.3.0/gems/puma-3.12.1/lib/puma/cluster.rb:460:in `run'
/home/ubuntu/elmhurst/vendor/bundle/ruby/2.3.0/gems/puma-3.12.1/lib/puma/launcher.rb:186:in `run'
/home/ubuntu/elmhurst/vendor/bundle/ruby/2.3.0/gems/puma-3.12.1/lib/puma/cli.rb:80:in `run'
/home/ubuntu/elmhurst/vendor/bundle/ruby/2.3.0/gems/puma-3.12.1/lib/puma/control_cli.rb:261:in `start'
/home/ubuntu/elmhurst/vendor/bundle/ruby/2.3.0/gems/puma-3.12.1/lib/puma/control_cli.rb:225:in `run'
/home/ubuntu/elmhurst/vendor/bundle/ruby/2.3.0/gems/puma-3.12.1/bin/pumactl:8:in `<top (required)>'
/home/ubuntu/elmhurst/vendor/bundle/ruby/2.3.0/bin/pumactl:23:in `load'
/home/ubuntu/elmhurst/vendor/bundle/ruby/2.3.0/bin/pumactl:23:in `<top (required)>'
/home/ubuntu/.rbenv/versions/2.3.0/lib/ruby/gems/2.3.0/gems/bundler-2.0.2/lib/bundler/cli/exec.rb:74:in `load'
/home/ubuntu/.rbenv/versions/2.3.0/lib/ruby/gems/2.3.0/gems/bundler-2.0.2/lib/bundler/cli/exec.rb:74:in `kernel_load'
/home/ubuntu/.rbenv/versions/2.3.0/lib/ruby/gems/2.3.0/gems/bundler-2.0.2/lib/bundler/cli/exec.rb:28:in `run'
/home/ubuntu/.rbenv/versions/2.3.0/lib/ruby/gems/2.3.0/gems/bundler-2.0.2/lib/bundler/cli.rb:465:in `exec'
/home/ubuntu/.rbenv/versions/2.3.0/lib/ruby/gems/2.3.0/gems/bundler-2.0.2/lib/bundler/vendor/thor/lib/thor/command.rb:27:in `run'
/home/ubuntu/.rbenv/versions/2.3.0/lib/ruby/gems/2.3.0/gems/bundler-2.0.2/lib/bundler/vendor/thor/lib/thor/invocation.rb:126:in `invoke_command'
/home/ubuntu/.rbenv/versions/2.3.0/lib/ruby/gems/2.3.0/gems/bundler-2.0.2/lib/bundler/vendor/thor/lib/thor.rb:387:in `dispatch'
/home/ubuntu/.rbenv/versions/2.3.0/lib/ruby/gems/2.3.0/gems/bundler-2.0.2/lib/bundler/cli.rb:27:in `dispatch'
/home/ubuntu/.rbenv/versions/2.3.0/lib/ruby/gems/2.3.0/gems/bundler-2.0.2/lib/bundler/vendor/thor/lib/thor/base.rb:466:in `start'
/home/ubuntu/.rbenv/versions/2.3.0/lib/ruby/gems/2.3.0/gems/bundler-2.0.2/lib/bundler/cli.rb:18:in `start'
/home/ubuntu/.rbenv/versions/2.3.0/lib/ruby/gems/2.3.0/gems/bundler-2.0.2/exe/bundle:30:in `block in <top (required)>'
/home/ubuntu/.rbenv/versions/2.3.0/lib/ruby/gems/2.3.0/gems/bundler-2.0.2/lib/bundler/friendly_errors.rb:124:in `with_friendly_errors'
/home/ubuntu/.rbenv/versions/2.3.0/lib/ruby/gems/2.3.0/gems/bundler-2.0.2/exe/bundle:22:in `<top (required)>'
/home/ubuntu/.rbenv/versions/2.3.0/bin/bundle:23:in `load'
/home/ubuntu/.rbenv/versions/2.3.0/bin/bundle:23:in `<main>'
=== puma startup: 2019-06-24 19:42:25 +0000 ===
Permission denied @ rb_sysopen - /home/ubuntu/elmhurst/shared/pids/puma.pid
/home/ubuntu/elmhurst/vendor/bundle/ruby/2.3.0/gems/puma-3.12.1/lib/puma/launcher.rb:133:in `initialize'
/home/ubuntu/elmhurst/vendor/bundle/ruby/2.3.0/gems/puma-3.12.1/lib/puma/launcher.rb:133:in `open'
/home/ubuntu/elmhurst/vendor/bundle/ruby/2.3.0/gems/puma-3.12.1/lib/puma/launcher.rb:133:in `write_pid'
/home/ubuntu/elmhurst/vendor/bundle/ruby/2.3.0/gems/puma-3.12.1/lib/puma/launcher.rb:106:in `write_state'
/home/ubuntu/elmhurst/vendor/bundle/ruby/2.3.0/gems/puma-3.12.1/lib/puma/cluster.rb:460:in `run'
/home/ubuntu/elmhurst/vendor/bundle/ruby/2.3.0/gems/puma-3.12.1/lib/puma/launcher.rb:186:in `run'
/home/ubuntu/elmhurst/vendor/bundle/ruby/2.3.0/gems/puma-3.12.1/lib/puma/cli.rb:80:in `run'
/home/ubuntu/elmhurst/vendor/bundle/ruby/2.3.0/gems/puma-3.12.1/lib/puma/control_cli.rb:261:in `start'
/home/ubuntu/elmhurst/vendor/bundle/ruby/2.3.0/gems/puma-3.12.1/lib/puma/control_cli.rb:225:in `run'
/home/ubuntu/elmhurst/vendor/bundle/ruby/2.3.0/gems/puma-3.12.1/bin/pumactl:8:in `<top (required)>'
/home/ubuntu/elmhurst/vendor/bundle/ruby/2.3.0/bin/pumactl:23:in `load'
/home/ubuntu/elmhurst/vendor/bundle/ruby/2.3.0/bin/pumactl:23:in `<top (required)>'
/home/ubuntu/.rbenv/versions/2.3.0/lib/ruby/gems/2.3.0/gems/bundler-2.0.2/lib/bundler/cli/exec.rb:74:in `load'
/home/ubuntu/.rbenv/versions/2.3.0/lib/ruby/gems/2.3.0/gems/bundler-2.0.2/lib/bundler/cli/exec.rb:74:in `kernel_load'
/home/ubuntu/.rbenv/versions/2.3.0/lib/ruby/gems/2.3.0/gems/bundler-2.0.2/lib/bundler/cli/exec.rb:28:in `run'
/home/ubuntu/.rbenv/versions/2.3.0/lib/ruby/gems/2.3.0/gems/bundler-2.0.2/lib/bundler/cli.rb:465:in `exec'
/home/ubuntu/.rbenv/versions/2.3.0/lib/ruby/gems/2.3.0/gems/bundler-2.0.2/lib/bundler/vendor/thor/lib/thor/command.rb:27:in `run'
/home/ubuntu/.rbenv/versions/2.3.0/lib/ruby/gems/2.3.0/gems/bundler-2.0.2/lib/bundler/vendor/thor/lib/thor/invocation.rb:126:in `invoke_command'
/home/ubuntu/.rbenv/versions/2.3.0/lib/ruby/gems/2.3.0/gems/bundler-2.0.2/lib/bundler/vendor/thor/lib/thor.rb:387:in `dispatch'
/home/ubuntu/.rbenv/versions/2.3.0/lib/ruby/gems/2.3.0/gems/bundler-2.0.2/lib/bundler/cli.rb:27:in `dispatch'
/home/ubuntu/.rbenv/versions/2.3.0/lib/ruby/gems/2.3.0/gems/bundler-2.0.2/lib/bundler/vendor/thor/lib/thor/base.rb:466:in `start'
/home/ubuntu/.rbenv/versions/2.3.0/lib/ruby/gems/2.3.0/gems/bundler-2.0.2/lib/bundler/cli.rb:18:in `start'
/home/ubuntu/.rbenv/versions/2.3.0/lib/ruby/gems/2.3.0/gems/bundler-2.0.2/exe/bundle:30:in `block in <top (required)>'
/home/ubuntu/.rbenv/versions/2.3.0/lib/ruby/gems/2.3.0/gems/bundler-2.0.2/lib/bundler/friendly_errors.rb:124:in `with_friendly_errors'
/home/ubuntu/.rbenv/versions/2.3.0/lib/ruby/gems/2.3.0/gems/bundler-2.0.2/exe/bundle:22:in `<top (required)>'
/home/ubuntu/.rbenv/versions/2.3.0/bin/bundle:23:in `load'
/home/ubuntu/.rbenv/versions/2.3.0/bin/bundle:23:in `<main>'
=== puma startup: 2019-06-24 19:43:14 +0000 ===
Permission denied @ rb_sysopen - /home/ubuntu/elmhurst/shared/pids/puma.pid
/home/ubuntu/elmhurst/vendor/bundle/ruby/2.3.0/gems/puma-3.12.1/lib/puma/launcher.rb:133:in `initialize'
/home/ubuntu/elmhurst/vendor/bundle/ruby/2.3.0/gems/puma-3.12.1/lib/puma/launcher.rb:133:in `open'
/home/ubuntu/elmhurst/vendor/bundle/ruby/2.3.0/gems/puma-3.12.1/lib/puma/launcher.rb:133:in `write_pid'
/home/ubuntu/elmhurst/vendor/bundle/ruby/2.3.0/gems/puma-3.12.1/lib/puma/launcher.rb:106:in `write_state'
/home/ubuntu/elmhurst/vendor/bundle/ruby/2.3.0/gems/puma-3.12.1/lib/puma/cluster.rb:460:in `run'
/home/ubuntu/elmhurst/vendor/bundle/ruby/2.3.0/gems/puma-3.12.1/lib/puma/launcher.rb:186:in `run'
/home/ubuntu/elmhurst/vendor/bundle/ruby/2.3.0/gems/puma-3.12.1/lib/puma/cli.rb:80:in `run'
/home/ubuntu/elmhurst/vendor/bundle/ruby/2.3.0/gems/puma-3.12.1/lib/puma/control_cli.rb:261:in `start'
/home/ubuntu/elmhurst/vendor/bundle/ruby/2.3.0/gems/puma-3.12.1/lib/puma/control_cli.rb:225:in `run'
/home/ubuntu/elmhurst/vendor/bundle/ruby/2.3.0/gems/puma-3.12.1/bin/pumactl:8:in `<top (required)>'
/home/ubuntu/elmhurst/vendor/bundle/ruby/2.3.0/bin/pumactl:23:in `load'
/home/ubuntu/elmhurst/vendor/bundle/ruby/2.3.0/bin/pumactl:23:in `<top (required)>'
/home/ubuntu/.rbenv/versions/2.3.0/lib/ruby/gems/2.3.0/gems/bundler-2.0.2/lib/bundler/cli/exec.rb:74:in `load'
/home/ubuntu/.rbenv/versions/2.3.0/lib/ruby/gems/2.3.0/gems/bundler-2.0.2/lib/bundler/cli/exec.rb:74:in `kernel_load'
/home/ubuntu/.rbenv/versions/2.3.0/lib/ruby/gems/2.3.0/gems/bundler-2.0.2/lib/bundler/cli/exec.rb:28:in `run'
/home/ubuntu/.rbenv/versions/2.3.0/lib/ruby/gems/2.3.0/gems/bundler-2.0.2/lib/bundler/cli.rb:465:in `exec'
/home/ubuntu/.rbenv/versions/2.3.0/lib/ruby/gems/2.3.0/gems/bundler-2.0.2/lib/bundler/vendor/thor/lib/thor/command.rb:27:in `run'
/home/ubuntu/.rbenv/versions/2.3.0/lib/ruby/gems/2.3.0/gems/bundler-2.0.2/lib/bundler/vendor/thor/lib/thor/invocation.rb:126:in `invoke_command'
/home/ubuntu/.rbenv/versions/2.3.0/lib/ruby/gems/2.3.0/gems/bundler-2.0.2/lib/bundler/vendor/thor/lib/thor.rb:387:in `dispatch'
/home/ubuntu/.rbenv/versions/2.3.0/lib/ruby/gems/2.3.0/gems/bundler-2.0.2/lib/bundler/cli.rb:27:in `dispatch'
/home/ubuntu/.rbenv/versions/2.3.0/lib/ruby/gems/2.3.0/gems/bundler-2.0.2/lib/bundler/vendor/thor/lib/thor/base.rb:466:in `start'
/home/ubuntu/.rbenv/versions/2.3.0/lib/ruby/gems/2.3.0/gems/bundler-2.0.2/lib/bundler/cli.rb:18:in `start'
/home/ubuntu/.rbenv/versions/2.3.0/lib/ruby/gems/2.3.0/gems/bundler-2.0.2/exe/bundle:30:in `block in <top (required)>'
/home/ubuntu/.rbenv/versions/2.3.0/lib/ruby/gems/2.3.0/gems/bundler-2.0.2/lib/bundler/friendly_errors.rb:124:in `with_friendly_errors'
/home/ubuntu/.rbenv/versions/2.3.0/lib/ruby/gems/2.3.0/gems/bundler-2.0.2/exe/bundle:22:in `<top (required)>'
/home/ubuntu/.rbenv/versions/2.3.0/bin/bundle:23:in `load'
/home/ubuntu/.rbenv/versions/2.3.0/bin/bundle:23:in `<main>'
=== puma startup: 2019-06-24 19:45:20 +0000 ===
=== puma startup: 2019-06-24 19:47:51 +0000 ===
No such device or address @ rb_sysopen - /home/ubuntu/elmhurst/shared/sockets/puma.sock
/home/ubuntu/elmhurst/vendor/bundle/ruby/2.3.0/gems/puma-3.12.1/lib/puma/launcher.rb:133:in `initialize'
/home/ubuntu/elmhurst/vendor/bundle/ruby/2.3.0/gems/puma-3.12.1/lib/puma/launcher.rb:133:in `open'
/home/ubuntu/elmhurst/vendor/bundle/ruby/2.3.0/gems/puma-3.12.1/lib/puma/launcher.rb:133:in `write_pid'
/home/ubuntu/elmhurst/vendor/bundle/ruby/2.3.0/gems/puma-3.12.1/lib/puma/launcher.rb:106:in `write_state'
/home/ubuntu/elmhurst/vendor/bundle/ruby/2.3.0/gems/puma-3.12.1/lib/puma/cluster.rb:460:in `run'
/home/ubuntu/elmhurst/vendor/bundle/ruby/2.3.0/gems/puma-3.12.1/lib/puma/launcher.rb:186:in `run'
/home/ubuntu/elmhurst/vendor/bundle/ruby/2.3.0/gems/puma-3.12.1/lib/puma/cli.rb:80:in `run'
/home/ubuntu/elmhurst/vendor/bundle/ruby/2.3.0/gems/puma-3.12.1/lib/puma/control_cli.rb:261:in `start'
/home/ubuntu/elmhurst/vendor/bundle/ruby/2.3.0/gems/puma-3.12.1/lib/puma/control_cli.rb:225:in `run'
/home/ubuntu/elmhurst/vendor/bundle/ruby/2.3.0/gems/puma-3.12.1/bin/pumactl:8:in `<top (required)>'
/home/ubuntu/elmhurst/vendor/bundle/ruby/2.3.0/bin/pumactl:23:in `load'
/home/ubuntu/elmhurst/vendor/bundle/ruby/2.3.0/bin/pumactl:23:in `<top (required)>'
/home/ubuntu/.rbenv/versions/2.3.0/lib/ruby/gems/2.3.0/gems/bundler-2.0.2/lib/bundler/cli/exec.rb:74:in `load'
/home/ubuntu/.rbenv/versions/2.3.0/lib/ruby/gems/2.3.0/gems/bundler-2.0.2/lib/bundler/cli/exec.rb:74:in `kernel_load'
/home/ubuntu/.rbenv/versions/2.3.0/lib/ruby/gems/2.3.0/gems/bundler-2.0.2/lib/bundler/cli/exec.rb:28:in `run'
/home/ubuntu/.rbenv/versions/2.3.0/lib/ruby/gems/2.3.0/gems/bundler-2.0.2/lib/bundler/cli.rb:465:in `exec'
/home/ubuntu/.rbenv/versions/2.3.0/lib/ruby/gems/2.3.0/gems/bundler-2.0.2/lib/bundler/vendor/thor/lib/thor/command.rb:27:in `run'
/home/ubuntu/.rbenv/versions/2.3.0/lib/ruby/gems/2.3.0/gems/bundler-2.0.2/lib/bundler/vendor/thor/lib/thor/invocation.rb:126:in `invoke_command'
/home/ubuntu/.rbenv/versions/2.3.0/lib/ruby/gems/2.3.0/gems/bundler-2.0.2/lib/bundler/vendor/thor/lib/thor.rb:387:in `dispatch'
/home/ubuntu/.rbenv/versions/2.3.0/lib/ruby/gems/2.3.0/gems/bundler-2.0.2/lib/bundler/cli.rb:27:in `dispatch'
/home/ubuntu/.rbenv/versions/2.3.0/lib/ruby/gems/2.3.0/gems/bundler-2.0.2/lib/bundler/vendor/thor/lib/thor/base.rb:466:in `start'
/home/ubuntu/.rbenv/versions/2.3.0/lib/ruby/gems/2.3.0/gems/bundler-2.0.2/lib/bundler/cli.rb:18:in `start'
/home/ubuntu/.rbenv/versions/2.3.0/lib/ruby/gems/2.3.0/gems/bundler-2.0.2/exe/bundle:30:in `block in <top (required)>'
/home/ubuntu/.rbenv/versions/2.3.0/lib/ruby/gems/2.3.0/gems/bundler-2.0.2/lib/bundler/friendly_errors.rb:124:in `with_friendly_errors'
/home/ubuntu/.rbenv/versions/2.3.0/lib/ruby/gems/2.3.0/gems/bundler-2.0.2/exe/bundle:22:in `<top (required)>'
/home/ubuntu/.rbenv/versions/2.3.0/bin/bundle:23:in `load'
/home/ubuntu/.rbenv/versions/2.3.0/bin/bundle:23:in `<main>'
=== puma startup: 2019-06-24 19:59:10 +0000 ===
=== puma startup: 2019-06-25 09:24:41 +0000 ===
=== puma startup: 2019-06-25 09:26:55 +0000 ===
[30808] * Starting control server on unix:///tmp/puma-status-1561454815380-30808
[30808] - Worker 1 (pid: 30818) booted, phase: 0
[30808] - Worker 0 (pid: 30814) booted, phase: 0
[30808] - Gracefully shutting down workers...
[30808] === puma shutdown: 2019-06-25 09:27:33 +0000 ===
[30808] - Goodbye!
=== puma startup: 2019-06-25 09:27:43 +0000 ===
[30835] * Starting control server on unix:///tmp/puma-status-1561454863061-30835
[30835] - Worker 0 (pid: 30841) booted, phase: 0
[30835] - Worker 1 (pid: 30845) booted, phase: 0
[30835] - Gracefully shutting down workers...
[30835] === puma shutdown: 2019-06-25 09:27:47 +0000 ===
[30835] - Goodbye!
=== puma startup: 2019-06-25 09:28:30 +0000 ===
No such file or directory @ rb_sysopen - /home/ubuntu/.pids/puma.pid
/home/ubuntu/elmhurst/vendor/bundle/ruby/2.3.0/gems/puma-3.12.1/lib/puma/launcher.rb:133:in `initialize'
/home/ubuntu/elmhurst/vendor/bundle/ruby/2.3.0/gems/puma-3.12.1/lib/puma/launcher.rb:133:in `open'
/home/ubuntu/elmhurst/vendor/bundle/ruby/2.3.0/gems/puma-3.12.1/lib/puma/launcher.rb:133:in `write_pid'
/home/ubuntu/elmhurst/vendor/bundle/ruby/2.3.0/gems/puma-3.12.1/lib/puma/launcher.rb:106:in `write_state'
/home/ubuntu/elmhurst/vendor/bundle/ruby/2.3.0/gems/puma-3.12.1/lib/puma/cluster.rb:460:in `run'
/home/ubuntu/elmhurst/vendor/bundle/ruby/2.3.0/gems/puma-3.12.1/lib/puma/launcher.rb:186:in `run'
/home/ubuntu/elmhurst/vendor/bundle/ruby/2.3.0/gems/puma-3.12.1/lib/puma/cli.rb:80:in `run'
/home/ubuntu/elmhurst/vendor/bundle/ruby/2.3.0/gems/puma-3.12.1/lib/puma/control_cli.rb:261:in `start'
/home/ubuntu/elmhurst/vendor/bundle/ruby/2.3.0/gems/puma-3.12.1/lib/puma/control_cli.rb:225:in `run'
/home/ubuntu/elmhurst/vendor/bundle/ruby/2.3.0/gems/puma-3.12.1/bin/pumactl:8:in `<top (required)>'
/home/ubuntu/elmhurst/vendor/bundle/ruby/2.3.0/bin/pumactl:23:in `load'
/home/ubuntu/elmhurst/vendor/bundle/ruby/2.3.0/bin/pumactl:23:in `<top (required)>'
/home/ubuntu/.rvm/gems/ruby-2.3.0@elmhurst/gems/bundler-1.17.3/lib/bundler/cli/exec.rb:74:in `load'
/home/ubuntu/.rvm/gems/ruby-2.3.0@elmhurst/gems/bundler-1.17.3/lib/bundler/cli/exec.rb:74:in `kernel_load'
/home/ubuntu/.rvm/gems/ruby-2.3.0@elmhurst/gems/bundler-1.17.3/lib/bundler/cli/exec.rb:28:in `run'
/home/ubuntu/.rvm/gems/ruby-2.3.0@elmhurst/gems/bundler-1.17.3/lib/bundler/cli.rb:463:in `exec'
/home/ubuntu/.rvm/gems/ruby-2.3.0@elmhurst/gems/bundler-1.17.3/lib/bundler/vendor/thor/lib/thor/command.rb:27:in `run'
/home/ubuntu/.rvm/gems/ruby-2.3.0@elmhurst/gems/bundler-1.17.3/lib/bundler/vendor/thor/lib/thor/invocation.rb:126:in `invoke_command'
/home/ubuntu/.rvm/gems/ruby-2.3.0@elmhurst/gems/bundler-1.17.3/lib/bundler/vendor/thor/lib/thor.rb:387:in `dispatch'
/home/ubuntu/.rvm/gems/ruby-2.3.0@elmhurst/gems/bundler-1.17.3/lib/bundler/cli.rb:27:in `dispatch'
/home/ubuntu/.rvm/gems/ruby-2.3.0@elmhurst/gems/bundler-1.17.3/lib/bundler/vendor/thor/lib/thor/base.rb:466:in `start'
/home/ubuntu/.rvm/gems/ruby-2.3.0@elmhurst/gems/bundler-1.17.3/lib/bundler/cli.rb:18:in `start'
/home/ubuntu/.rvm/gems/ruby-2.3.0@elmhurst/gems/bundler-1.17.3/exe/bundle:30:in `block in <top (required)>'
/home/ubuntu/.rvm/gems/ruby-2.3.0@elmhurst/gems/bundler-1.17.3/lib/bundler/friendly_errors.rb:124:in `with_friendly_errors'
/home/ubuntu/.rvm/gems/ruby-2.3.0@elmhurst/gems/bundler-1.17.3/exe/bundle:22:in `<top (required)>'
/home/ubuntu/.rvm/gems/ruby-2.3.0@elmhurst/bin/bundle:23:in `load'
/home/ubuntu/.rvm/gems/ruby-2.3.0@elmhurst/bin/bundle:23:in `<main>'
/home/ubuntu/.rvm/gems/ruby-2.3.0@elmhurst/bin/ruby_executable_hooks:15:in `eval'
/home/ubuntu/.rvm/gems/ruby-2.3.0@elmhurst/bin/ruby_executable_hooks:15:in `<main>'
=== puma startup: 2019-06-25 09:30:40 +0000 ===
[31084] * Starting control server on unix:///tmp/puma-status-1561455040817-31084
[31084] - Worker 0 (pid: 31090) booted, phase: 0
[31084] - Worker 1 (pid: 31094) booted, phase: 0
[31084] - Gracefully shutting down workers...
[31084] === puma shutdown: 2019-06-25 09:40:55 +0000 ===
[31084] - Goodbye!
=== puma startup: 2019-06-25 09:40:56 +0000 ===
[31508] * Starting control server on unix:///tmp/puma-status-1561455656355-31508
[31508] - Worker 0 (pid: 31514) booted, phase: 0
[31508] - Worker 1 (pid: 31518) booted, phase: 0
Started GET "/" for 66.249.93.222 at 2019-06-25 09:44:46 +0000
Processing by ProjectsController#main as HTML
  Rendered projects/main.haml within layouts/application (9.6ms)
  Rendered layouts/_header.html.haml (4.4ms)
Completed 200 OK in 41ms (Views: 31.7ms | ActiveRecord: 0.0ms)
Started GET "/" for 203.101.178.16 at 2019-06-25 09:45:19 +0000
Processing by ProjectsController#main as HTML
  Rendered projects/main.haml within layouts/application (0.1ms)
  Rendered layouts/_header.html.haml (0.1ms)
Completed 200 OK in 2ms (Views: 1.9ms | ActiveRecord: 0.0ms)
Started GET "/" for 39.59.3.72 at 2019-06-25 09:47:10 +0000
Processing by ProjectsController#main as HTML
  Rendered projects/main.haml within layouts/application (0.1ms)
  Rendered layouts/_header.html.haml (0.1ms)
Completed 200 OK in 2ms (Views: 1.9ms | ActiveRecord: 0.0ms)
Started GET "/" for 179.60.92.252 at 2019-06-25 09:49:20 +0000
Processing by ProjectsController#main as HTML
  Rendered projects/main.haml within layouts/application (10.1ms)
  Rendered layouts/_header.html.haml (4.7ms)
Completed 200 OK in 43ms (Views: 33.6ms | ActiveRecord: 0.0ms)
Started GET "/" for 203.101.178.16 at 2019-06-25 09:49:27 +0000
Processing by ProjectsController#main as HTML
  Rendered projects/main.haml within layouts/application (0.1ms)
  Rendered layouts/_header.html.haml (0.1ms)
Completed 200 OK in 2ms (Views: 1.8ms | ActiveRecord: 0.0ms)
Started GET "/" for 203.101.178.16 at 2019-06-25 09:49:30 +0000
Processing by ProjectsController#main as HTML
  Rendered projects/main.haml within layouts/application (0.1ms)
  Rendered layouts/_header.html.haml (0.1ms)
Completed 200 OK in 3ms (Views: 2.7ms | ActiveRecord: 0.0ms)
[31508] - Gracefully shutting down workers...
[31508] === puma shutdown: 2019-06-25 09:50:27 +0000 ===
[31508] - Goodbye!
=== puma startup: 2019-06-25 09:50:41 +0000 ===
[31695] * Starting control server on unix:///tmp/puma-status-1561456241175-31695
[31695] - Worker 0 (pid: 31701) booted, phase: 0
[31695] - Worker 1 (pid: 31705) booted, phase: 0
[31695] - Gracefully shutting down workers...
[31695] === puma shutdown: 2019-06-25 09:50:45 +0000 ===
[31695] - Goodbye!
=== puma startup: 2019-06-25 09:51:22 +0000 ===
[31725] * Starting control server on unix:///tmp/puma-status-1561456282023-31725
[31725] - Worker 0 (pid: 31731) booted, phase: 0
[31725] - Worker 1 (pid: 31735) booted, phase: 0
[31725] - Gracefully shutting down workers...
[31725] === puma shutdown: 2019-06-25 09:51:26 +0000 ===
[31725] - Goodbye!
=== puma startup: 2019-06-25 09:52:13 +0000 ===
[31754] * Starting control server on unix:///tmp/puma-status-1561456333533-31754
[31754] - Worker 1 (pid: 31764) booted, phase: 0
[31754] - Worker 0 (pid: 31760) booted, phase: 0
Started GET "/" for 203.101.178.16 at 2019-06-25 09:52:20 +0000
Processing by ProjectsController#main as HTML
  Rendered projects/main.haml within layouts/application (10.7ms)
  Rendered layouts/_header.html.haml (5.2ms)
Completed 200 OK in 35ms (Views: 25.8ms | ActiveRecord: 0.0ms)
[31754] - Gracefully shutting down workers...
[31754] === puma shutdown: 2019-06-25 09:52:34 +0000 ===
[31754] - Goodbye!
=== puma startup: 2019-06-25 09:53:38 +0000 ===
No such file or directory @ rb_sysopen - /home/ubuntu/.pids/puma.pid
/home/ubuntu/elmhurst/vendor/bundle/ruby/2.3.0/gems/puma-3.12.1/lib/puma/launcher.rb:133:in `initialize'
/home/ubuntu/elmhurst/vendor/bundle/ruby/2.3.0/gems/puma-3.12.1/lib/puma/launcher.rb:133:in `open'
/home/ubuntu/elmhurst/vendor/bundle/ruby/2.3.0/gems/puma-3.12.1/lib/puma/launcher.rb:133:in `write_pid'
/home/ubuntu/elmhurst/vendor/bundle/ruby/2.3.0/gems/puma-3.12.1/lib/puma/launcher.rb:106:in `write_state'
/home/ubuntu/elmhurst/vendor/bundle/ruby/2.3.0/gems/puma-3.12.1/lib/puma/cluster.rb:460:in `run'
/home/ubuntu/elmhurst/vendor/bundle/ruby/2.3.0/gems/puma-3.12.1/lib/puma/launcher.rb:186:in `run'
/home/ubuntu/elmhurst/vendor/bundle/ruby/2.3.0/gems/puma-3.12.1/lib/puma/cli.rb:80:in `run'
/home/ubuntu/elmhurst/vendor/bundle/ruby/2.3.0/gems/puma-3.12.1/lib/puma/control_cli.rb:261:in `start'
/home/ubuntu/elmhurst/vendor/bundle/ruby/2.3.0/gems/puma-3.12.1/lib/puma/control_cli.rb:225:in `run'
/home/ubuntu/elmhurst/vendor/bundle/ruby/2.3.0/gems/puma-3.12.1/bin/pumactl:8:in `<top (required)>'
/home/ubuntu/elmhurst/vendor/bundle/ruby/2.3.0/bin/pumactl:23:in `load'
/home/ubuntu/elmhurst/vendor/bundle/ruby/2.3.0/bin/pumactl:23:in `<top (required)>'
/home/ubuntu/.rvm/gems/ruby-2.3.0@elmhurst/gems/bundler-1.17.3/lib/bundler/cli/exec.rb:74:in `load'
/home/ubuntu/.rvm/gems/ruby-2.3.0@elmhurst/gems/bundler-1.17.3/lib/bundler/cli/exec.rb:74:in `kernel_load'
/home/ubuntu/.rvm/gems/ruby-2.3.0@elmhurst/gems/bundler-1.17.3/lib/bundler/cli/exec.rb:28:in `run'
/home/ubuntu/.rvm/gems/ruby-2.3.0@elmhurst/gems/bundler-1.17.3/lib/bundler/cli.rb:463:in `exec'
/home/ubuntu/.rvm/gems/ruby-2.3.0@elmhurst/gems/bundler-1.17.3/lib/bundler/vendor/thor/lib/thor/command.rb:27:in `run'
/home/ubuntu/.rvm/gems/ruby-2.3.0@elmhurst/gems/bundler-1.17.3/lib/bundler/vendor/thor/lib/thor/invocation.rb:126:in `invoke_command'
/home/ubuntu/.rvm/gems/ruby-2.3.0@elmhurst/gems/bundler-1.17.3/lib/bundler/vendor/thor/lib/thor.rb:387:in `dispatch'
/home/ubuntu/.rvm/gems/ruby-2.3.0@elmhurst/gems/bundler-1.17.3/lib/bundler/cli.rb:27:in `dispatch'
/home/ubuntu/.rvm/gems/ruby-2.3.0@elmhurst/gems/bundler-1.17.3/lib/bundler/vendor/thor/lib/thor/base.rb:466:in `start'
/home/ubuntu/.rvm/gems/ruby-2.3.0@elmhurst/gems/bundler-1.17.3/lib/bundler/cli.rb:18:in `start'
/home/ubuntu/.rvm/gems/ruby-2.3.0@elmhurst/gems/bundler-1.17.3/exe/bundle:30:in `block in <top (required)>'
/home/ubuntu/.rvm/gems/ruby-2.3.0@elmhurst/gems/bundler-1.17.3/lib/bundler/friendly_errors.rb:124:in `with_friendly_errors'
/home/ubuntu/.rvm/gems/ruby-2.3.0@elmhurst/gems/bundler-1.17.3/exe/bundle:22:in `<top (required)>'
/home/ubuntu/.rvm/gems/ruby-2.3.0@elmhurst/bin/bundle:23:in `load'
/home/ubuntu/.rvm/gems/ruby-2.3.0@elmhurst/bin/bundle:23:in `<main>'
/home/ubuntu/.rvm/gems/ruby-2.3.0@elmhurst/bin/ruby_executable_hooks:15:in `eval'
/home/ubuntu/.rvm/gems/ruby-2.3.0@elmhurst/bin/ruby_executable_hooks:15:in `<main>'
=== puma startup: 2019-06-25 09:55:32 +0000 ===
[31804] * Starting control server on unix:///tmp/puma-status-1561456532457-31804
[31804] - Worker 1 (pid: 31814) booted, phase: 0
[31804] - Worker 0 (pid: 31810) booted, phase: 0
Started GET "/" for 203.101.178.16 at 2019-06-25 09:55:42 +0000
Processing by ProjectsController#main as HTML
  Rendered projects/main.haml within layouts/application (10.7ms)
  Rendered layouts/_header.html.haml (4.9ms)
Completed 200 OK in 45ms (Views: 35.9ms | ActiveRecord: 0.0ms)
[31804] - Gracefully shutting down workers...
[31804] === puma shutdown: 2019-06-25 09:58:10 +0000 ===
[31804] - Goodbye!
=== puma startup: 2019-06-25 09:58:28 +0000 ===
[31844] * Starting control server on unix:///tmp/puma-status-1561456708774-31839
[31844] - Worker 1 (pid: 31855) booted, phase: 0
[31844] - Worker 0 (pid: 31851) booted, phase: 0
Started GET "/" for 203.101.178.16 at 2019-06-25 09:58:39 +0000
Processing by ProjectsController#main as HTML
  Rendered projects/main.haml within layouts/application (9.4ms)
  Rendered layouts/_header.html.haml (4.7ms)
Completed 200 OK in 33ms (Views: 23.8ms | ActiveRecord: 0.0ms)
Started GET "/" for 203.101.178.16 at 2019-06-25 10:00:16 +0000
Processing by ProjectsController#main as HTML
  Rendered projects/main.haml within layouts/application (0.1ms)
  Rendered layouts/_header.html.haml (0.1ms)
Completed 200 OK in 3ms (Views: 2.0ms | ActiveRecord: 0.0ms)
Started GET "/" for 203.101.178.16 at 2019-06-25 10:01:01 +0000
Processing by ProjectsController#main as HTML
  Rendered projects/main.haml within layouts/application (9.5ms)
  Rendered layouts/_header.html.haml (4.8ms)
Completed 200 OK in 34ms (Views: 24.5ms | ActiveRecord: 0.0ms)
Started GET "/" for 203.101.178.16 at 2019-06-25 10:01:27 +0000
Processing by ProjectsController#main as HTML
  Rendered projects/main.haml within layouts/application (0.1ms)
  Rendered layouts/_header.html.haml (0.1ms)
Completed 200 OK in 3ms (Views: 2.3ms | ActiveRecord: 0.0ms)
Started GET "/" for 203.101.178.16 at 2019-06-25 10:01:30 +0000
Processing by ProjectsController#main as HTML
  Rendered projects/main.haml within layouts/application (0.1ms)
  Rendered layouts/_header.html.haml (0.1ms)
Completed 200 OK in 3ms (Views: 2.0ms | ActiveRecord: 0.0ms)
Started GET "/" for 203.101.178.16 at 2019-06-25 10:02:37 +0000
Processing by ProjectsController#main as HTML
  Rendered projects/main.haml within layouts/application (0.1ms)
  Rendered layouts/_header.html.haml (0.1ms)
Completed 200 OK in 3ms (Views: 2.3ms | ActiveRecord: 0.0ms)
[31844] - Gracefully shutting down workers...
[31844] * Restarting...
[31844] Puma starting in cluster mode...
[31844] * Version 3.12.1 (ruby 2.3.0-p0), codename: Llamas in Pajamas
[31844] * Min threads: 1, max threads: 4
[31844] * Environment: production
[31844] * Process workers: 2
[31844] * Phased restart available
[31844] * Inherited unix:///home/ubuntu/elmhurst/shared/tmp/sockets/puma.sock
[31844] * Daemonizing...
=== puma startup: 2019-06-25 10:04:01 +0000 ===
[32048] * Starting control server on unix:///tmp/puma-status-1561457041976-31844
[32048] - Worker 0 (pid: 32055) booted, phase: 0
[32048] - Worker 1 (pid: 32059) booted, phase: 0
Started GET "/" for 203.101.178.16 at 2019-06-25 10:04:07 +0000
Processing by ProjectsController#main as HTML
  Rendered projects/main.haml within layouts/application (9.7ms)
  Rendered layouts/_header.html.haml (4.8ms)
Completed 200 OK in 33ms (Views: 24.2ms | ActiveRecord: 0.0ms)
Started GET "/" for 203.101.178.16 at 2019-06-25 10:04:10 +0000
Processing by ProjectsController#main as HTML
  Rendered projects/main.haml within layouts/application (0.1ms)
  Rendered layouts/_header.html.haml (0.1ms)
Completed 200 OK in 3ms (Views: 2.1ms | ActiveRecord: 0.0ms)
Started GET "/" for 203.101.178.16 at 2019-06-25 10:04:31 +0000
Processing by ProjectsController#main as HTML
  Rendered projects/main.haml within layouts/application (10.0ms)
  Rendered layouts/_header.html.haml (5.0ms)
Completed 200 OK in 34ms (Views: 24.8ms | ActiveRecord: 0.0ms)
Started GET "/" for 203.101.178.16 at 2019-06-25 10:04:38 +0000
Processing by ProjectsController#main as HTML
  Rendered projects/main.haml within layouts/application (0.1ms)
  Rendered layouts/_header.html.haml (0.1ms)
Completed 200 OK in 3ms (Views: 2.3ms | ActiveRecord: 0.0ms)
Started GET "/" for 39.59.3.72 at 2019-06-25 10:11:46 +0000
Processing by ProjectsController#main as HTML
  Rendered projects/main.haml within layouts/application (0.1ms)
  Rendered layouts/_header.html.haml (0.1ms)
Completed 200 OK in 3ms (Views: 2.4ms | ActiveRecord: 0.0ms)
Started GET "/" for 39.59.3.72 at 2019-06-25 10:11:54 +0000
Processing by ProjectsController#main as HTML
  Rendered projects/main.haml within layouts/application (0.1ms)
  Rendered layouts/_header.html.haml (0.1ms)
Completed 200 OK in 2ms (Views: 1.8ms | ActiveRecord: 0.0ms)
Started GET "/users/sign_in" for 39.59.3.72 at 2019-06-25 10:12:16 +0000
Processing by Devise::SessionsController#new as HTML
  Rendered devise/shared/_links.html.haml (2.5ms)
  Rendered devise/sessions/new.html.haml within layouts/application (20.8ms)
  Rendered layouts/_header.html.haml (0.1ms)
Completed 200 OK in 44ms (Views: 26.5ms | ActiveRecord: 3.0ms)
Started GET "/users/sign_in" for 39.59.3.72 at 2019-06-25 10:14:49 +0000
Processing by Devise::SessionsController#new as HTML
  Rendered devise/shared/_links.html.haml (2.7ms)
  Rendered devise/sessions/new.html.haml within layouts/application (22.3ms)
  Rendered layouts/_header.html.haml (0.2ms)
Completed 200 OK in 56ms (Views: 28.1ms | ActiveRecord: 3.1ms)
[32048] - Gracefully shutting down workers...
[32048] * Restarting...
[32048] Puma starting in cluster mode...
[32048] * Version 3.12.1 (ruby 2.3.0-p0), codename: Llamas in Pajamas
[32048] * Min threads: 1, max threads: 4
[32048] * Environment: production
[32048] * Process workers: 2
[32048] * Phased restart available
[32048] * Inherited unix:///home/ubuntu/elmhurst/shared/tmp/sockets/puma.sock
[32048] * Daemonizing...
=== puma startup: 2019-06-25 10:18:01 +0000 ===
[32419] * Starting control server on unix:///tmp/puma-status-1561457881181-32048
[32419] - Worker 0 (pid: 32426) booted, phase: 0
[32419] - Worker 1 (pid: 32430) booted, phase: 0
Started GET "/users/sign_in" for 39.59.3.72 at 2019-06-25 10:18:12 +0000
Processing by Devise::SessionsController#new as HTML
  Rendered devise/shared/_links.html.haml (4.0ms)
  Rendered devise/sessions/new.html.haml within layouts/application (24.2ms)
  Rendered layouts/_header.html.haml (4.8ms)
Completed 200 OK in 65ms (Views: 39.2ms | ActiveRecord: 3.1ms)
Started GET "/users/sign_in" for 39.59.3.72 at 2019-06-25 10:18:16 +0000
Processing by Devise::SessionsController#new as HTML
  Rendered devise/shared/_links.html.haml (0.3ms)
  Rendered devise/sessions/new.html.haml within layouts/application (2.2ms)
  Rendered layouts/_header.html.haml (0.1ms)
Completed 200 OK in 5ms (Views: 4.0ms | ActiveRecord: 0.0ms)
Started GET "/index.php" for 47.105.238.102 at 2019-06-25 10:18:51 +0000

ActionController::RoutingError (No route matches [GET] "/index.php"):
  vendor/bundle/ruby/2.3.0/gems/actionpack-4.2.8/lib/action_dispatch/middleware/debug_exceptions.rb:21:in `call'
  vendor/bundle/ruby/2.3.0/gems/actionpack-4.2.8/lib/action_dispatch/middleware/show_exceptions.rb:30:in `call'
  vendor/bundle/ruby/2.3.0/gems/railties-4.2.8/lib/rails/rack/logger.rb:38:in `call_app'
  vendor/bundle/ruby/2.3.0/gems/railties-4.2.8/lib/rails/rack/logger.rb:20:in `block in call'
  vendor/bundle/ruby/2.3.0/gems/activesupport-4.2.8/lib/active_support/tagged_logging.rb:68:in `block in tagged'
  vendor/bundle/ruby/2.3.0/gems/activesupport-4.2.8/lib/active_support/tagged_logging.rb:26:in `tagged'
  vendor/bundle/ruby/2.3.0/gems/activesupport-4.2.8/lib/active_support/tagged_logging.rb:68:in `tagged'
  vendor/bundle/ruby/2.3.0/gems/railties-4.2.8/lib/rails/rack/logger.rb:20:in `call'
  vendor/bundle/ruby/2.3.0/gems/actionpack-4.2.8/lib/action_dispatch/middleware/request_id.rb:21:in `call'
  vendor/bundle/ruby/2.3.0/gems/rack-1.6.11/lib/rack/methodoverride.rb:22:in `call'
  vendor/bundle/ruby/2.3.0/gems/rack-1.6.11/lib/rack/runtime.rb:18:in `call'
  vendor/bundle/ruby/2.3.0/gems/activesupport-4.2.8/lib/active_support/cache/strategy/local_cache_middleware.rb:28:in `call'
  vendor/bundle/ruby/2.3.0/gems/actionpack-4.2.8/lib/action_dispatch/middleware/static.rb:120:in `call'
  vendor/bundle/ruby/2.3.0/gems/rack-1.6.11/lib/rack/sendfile.rb:113:in `call'
  vendor/bundle/ruby/2.3.0/gems/railties-4.2.8/lib/rails/engine.rb:518:in `call'
  vendor/bundle/ruby/2.3.0/gems/railties-4.2.8/lib/rails/application.rb:165:in `call'
  vendor/bundle/ruby/2.3.0/gems/puma-3.12.1/lib/puma/configuration.rb:227:in `call'
  vendor/bundle/ruby/2.3.0/gems/puma-3.12.1/lib/puma/server.rb:660:in `handle_request'
  vendor/bundle/ruby/2.3.0/gems/puma-3.12.1/lib/puma/server.rb:474:in `process_client'
  vendor/bundle/ruby/2.3.0/gems/puma-3.12.1/lib/puma/server.rb:334:in `block in run'
  vendor/bundle/ruby/2.3.0/gems/puma-3.12.1/lib/puma/thread_pool.rb:135:in `block in spawn_thread'


Started GET "/phpmyadmin/index.php" for 47.105.238.102 at 2019-06-25 10:18:51 +0000

ActionController::RoutingError (No route matches [GET] "/phpmyadmin/index.php"):
  vendor/bundle/ruby/2.3.0/gems/actionpack-4.2.8/lib/action_dispatch/middleware/debug_exceptions.rb:21:in `call'
  vendor/bundle/ruby/2.3.0/gems/actionpack-4.2.8/lib/action_dispatch/middleware/show_exceptions.rb:30:in `call'
  vendor/bundle/ruby/2.3.0/gems/railties-4.2.8/lib/rails/rack/logger.rb:38:in `call_app'
  vendor/bundle/ruby/2.3.0/gems/railties-4.2.8/lib/rails/rack/logger.rb:20:in `block in call'
  vendor/bundle/ruby/2.3.0/gems/activesupport-4.2.8/lib/active_support/tagged_logging.rb:68:in `block in tagged'
  vendor/bundle/ruby/2.3.0/gems/activesupport-4.2.8/lib/active_support/tagged_logging.rb:26:in `tagged'
  vendor/bundle/ruby/2.3.0/gems/activesupport-4.2.8/lib/active_support/tagged_logging.rb:68:in `tagged'
  vendor/bundle/ruby/2.3.0/gems/railties-4.2.8/lib/rails/rack/logger.rb:20:in `call'
  vendor/bundle/ruby/2.3.0/gems/actionpack-4.2.8/lib/action_dispatch/middleware/request_id.rb:21:in `call'
  vendor/bundle/ruby/2.3.0/gems/rack-1.6.11/lib/rack/methodoverride.rb:22:in `call'
  vendor/bundle/ruby/2.3.0/gems/rack-1.6.11/lib/rack/runtime.rb:18:in `call'
  vendor/bundle/ruby/2.3.0/gems/activesupport-4.2.8/lib/active_support/cache/strategy/local_cache_middleware.rb:28:in `call'
  vendor/bundle/ruby/2.3.0/gems/actionpack-4.2.8/lib/action_dispatch/middleware/static.rb:120:in `call'
  vendor/bundle/ruby/2.3.0/gems/rack-1.6.11/lib/rack/sendfile.rb:113:in `call'
  vendor/bundle/ruby/2.3.0/gems/railties-4.2.8/lib/rails/engine.rb:518:in `call'
  vendor/bundle/ruby/2.3.0/gems/railties-4.2.8/lib/rails/application.rb:165:in `call'
  vendor/bundle/ruby/2.3.0/gems/puma-3.12.1/lib/puma/configuration.rb:227:in `call'
  vendor/bundle/ruby/2.3.0/gems/puma-3.12.1/lib/puma/server.rb:660:in `handle_request'
  vendor/bundle/ruby/2.3.0/gems/puma-3.12.1/lib/puma/server.rb:474:in `process_client'
  vendor/bundle/ruby/2.3.0/gems/puma-3.12.1/lib/puma/server.rb:334:in `block in run'
  vendor/bundle/ruby/2.3.0/gems/puma-3.12.1/lib/puma/thread_pool.rb:135:in `block in spawn_thread'


