=== puma startup: 2019-06-24 18:55:22 +0000 ===
=== puma startup: 2019-06-24 18:56:52 +0000 ===
=== puma startup: 2019-06-24 18:58:05 +0000 ===
=== puma startup: 2019-06-24 18:59:43 +0000 ===
Errno::EACCES: Permission denied @ rb_sysopen - /home/ubuntu/elmhurst/shared/pids/puma.pid
  /home/ubuntu/.rbenv/versions/2.3.0/lib/ruby/gems/2.3.0/gems/puma-3.12.1/lib/puma/launcher.rb:133:in `initialize'
  /home/ubuntu/.rbenv/versions/2.3.0/lib/ruby/gems/2.3.0/gems/puma-3.12.1/lib/puma/launcher.rb:133:in `open'
  /home/ubuntu/.rbenv/versions/2.3.0/lib/ruby/gems/2.3.0/gems/puma-3.12.1/lib/puma/launcher.rb:133:in `write_pid'
  /home/ubuntu/.rbenv/versions/2.3.0/lib/ruby/gems/2.3.0/gems/puma-3.12.1/lib/puma/launcher.rb:106:in `write_state'
  /home/ubuntu/.rbenv/versions/2.3.0/lib/ruby/gems/2.3.0/gems/puma-3.12.1/lib/puma/cluster.rb:460:in `run'
  /home/ubuntu/.rbenv/versions/2.3.0/lib/ruby/gems/2.3.0/gems/puma-3.12.1/lib/puma/launcher.rb:186:in `run'
  /home/ubuntu/.rbenv/versions/2.3.0/lib/ruby/gems/2.3.0/gems/puma-3.12.1/lib/puma/cli.rb:80:in `run'
  /home/ubuntu/.rbenv/versions/2.3.0/lib/ruby/gems/2.3.0/gems/puma-3.12.1/bin/puma:10:in `<top (required)>'
  /home/ubuntu/.rbenv/versions/2.3.0/bin/puma:23:in `load'
  /home/ubuntu/.rbenv/versions/2.3.0/bin/puma:23:in `<top (required)>'
=== puma startup: 2019-06-24 19:04:13 +0000 ===
/home/ubuntu/.rbenv/versions/2.3.0/lib/ruby/gems/2.3.0/gems/puma-3.12.1/lib/puma/launcher.rb:133:in `initialize': Permission denied @ rb_sysopen - /home/ubuntu/elmhurst/shared/pids/puma.pid (Errno::EACCES)
	from /home/ubuntu/.rbenv/versions/2.3.0/lib/ruby/gems/2.3.0/gems/puma-3.12.1/lib/puma/launcher.rb:133:in `open'
	from /home/ubuntu/.rbenv/versions/2.3.0/lib/ruby/gems/2.3.0/gems/puma-3.12.1/lib/puma/launcher.rb:133:in `write_pid'
	from /home/ubuntu/.rbenv/versions/2.3.0/lib/ruby/gems/2.3.0/gems/puma-3.12.1/lib/puma/launcher.rb:106:in `write_state'
	from /home/ubuntu/.rbenv/versions/2.3.0/lib/ruby/gems/2.3.0/gems/puma-3.12.1/lib/puma/cluster.rb:460:in `run'
	from /home/ubuntu/.rbenv/versions/2.3.0/lib/ruby/gems/2.3.0/gems/puma-3.12.1/lib/puma/launcher.rb:186:in `run'
	from /home/ubuntu/.rbenv/versions/2.3.0/lib/ruby/gems/2.3.0/gems/puma-3.12.1/lib/puma/cli.rb:80:in `run'
	from /home/ubuntu/.rbenv/versions/2.3.0/lib/ruby/gems/2.3.0/gems/puma-3.12.1/bin/puma:10:in `<top (required)>'
	from /home/ubuntu/.rbenv/versions/2.3.0/bin/puma:23:in `load'
	from /home/ubuntu/.rbenv/versions/2.3.0/bin/puma:23:in `<main>'
=== puma startup: 2019-06-24 19:05:45 +0000 ===
=== puma startup: 2019-06-24 19:06:49 +0000 ===
=== puma startup: 2019-06-24 19:12:06 +0000 ===
=== puma startup: 2019-06-24 19:23:49 +0000 ===
/home/ubuntu/.rbenv/versions/2.3.0/lib/ruby/gems/2.3.0/gems/puma-3.12.1/lib/puma/launcher.rb:133:in `initialize': Permission denied @ rb_sysopen - /home/ubuntu/elmhurst/shared/pids/puma.pid (Errno::EACCES)
	from /home/ubuntu/.rbenv/versions/2.3.0/lib/ruby/gems/2.3.0/gems/puma-3.12.1/lib/puma/launcher.rb:133:in `open'
	from /home/ubuntu/.rbenv/versions/2.3.0/lib/ruby/gems/2.3.0/gems/puma-3.12.1/lib/puma/launcher.rb:133:in `write_pid'
	from /home/ubuntu/.rbenv/versions/2.3.0/lib/ruby/gems/2.3.0/gems/puma-3.12.1/lib/puma/launcher.rb:106:in `write_state'
	from /home/ubuntu/.rbenv/versions/2.3.0/lib/ruby/gems/2.3.0/gems/puma-3.12.1/lib/puma/cluster.rb:460:in `run'
	from /home/ubuntu/.rbenv/versions/2.3.0/lib/ruby/gems/2.3.0/gems/puma-3.12.1/lib/puma/launcher.rb:186:in `run'
	from /home/ubuntu/.rbenv/versions/2.3.0/lib/ruby/gems/2.3.0/gems/puma-3.12.1/lib/puma/cli.rb:80:in `run'
	from /home/ubuntu/.rbenv/versions/2.3.0/lib/ruby/gems/2.3.0/gems/puma-3.12.1/bin/puma:10:in `<top (required)>'
	from /home/ubuntu/.rbenv/versions/2.3.0/bin/puma:23:in `load'
	from /home/ubuntu/.rbenv/versions/2.3.0/bin/puma:23:in `<main>'
=== puma startup: 2019-06-24 19:24:45 +0000 ===
/home/ubuntu/.rbenv/versions/2.3.0/lib/ruby/gems/2.3.0/gems/puma-3.12.1/lib/puma/launcher.rb:133:in `initialize': Permission denied @ rb_sysopen - /home/ubuntu/elmhurst/shared/pids/puma.pid (Errno::EACCES)
	from /home/ubuntu/.rbenv/versions/2.3.0/lib/ruby/gems/2.3.0/gems/puma-3.12.1/lib/puma/launcher.rb:133:in `open'
	from /home/ubuntu/.rbenv/versions/2.3.0/lib/ruby/gems/2.3.0/gems/puma-3.12.1/lib/puma/launcher.rb:133:in `write_pid'
	from /home/ubuntu/.rbenv/versions/2.3.0/lib/ruby/gems/2.3.0/gems/puma-3.12.1/lib/puma/launcher.rb:106:in `write_state'
	from /home/ubuntu/.rbenv/versions/2.3.0/lib/ruby/gems/2.3.0/gems/puma-3.12.1/lib/puma/cluster.rb:460:in `run'
	from /home/ubuntu/.rbenv/versions/2.3.0/lib/ruby/gems/2.3.0/gems/puma-3.12.1/lib/puma/launcher.rb:186:in `run'
	from /home/ubuntu/.rbenv/versions/2.3.0/lib/ruby/gems/2.3.0/gems/puma-3.12.1/lib/puma/cli.rb:80:in `run'
	from /home/ubuntu/.rbenv/versions/2.3.0/lib/ruby/gems/2.3.0/gems/puma-3.12.1/bin/puma:10:in `<top (required)>'
	from /home/ubuntu/.rbenv/versions/2.3.0/bin/puma:23:in `load'
	from /home/ubuntu/.rbenv/versions/2.3.0/bin/puma:23:in `<main>'
=== puma startup: 2019-06-24 19:34:04 +0000 ===
/home/ubuntu/elmhurst/vendor/bundle/ruby/2.3.0/gems/puma-3.12.1/lib/puma/launcher.rb:133:in `initialize': No such file or directory @ rb_sysopen - /home/ubuntu/elmhurst/shared/pids/puma.pid (Errno::ENOENT)
	from /home/ubuntu/elmhurst/vendor/bundle/ruby/2.3.0/gems/puma-3.12.1/lib/puma/launcher.rb:133:in `open'
	from /home/ubuntu/elmhurst/vendor/bundle/ruby/2.3.0/gems/puma-3.12.1/lib/puma/launcher.rb:133:in `write_pid'
	from /home/ubuntu/elmhurst/vendor/bundle/ruby/2.3.0/gems/puma-3.12.1/lib/puma/launcher.rb:106:in `write_state'
	from /home/ubuntu/elmhurst/vendor/bundle/ruby/2.3.0/gems/puma-3.12.1/lib/puma/cluster.rb:460:in `run'
	from /home/ubuntu/elmhurst/vendor/bundle/ruby/2.3.0/gems/puma-3.12.1/lib/puma/launcher.rb:186:in `run'
	from /home/ubuntu/elmhurst/vendor/bundle/ruby/2.3.0/gems/puma-3.12.1/lib/rack/handler/puma.rb:73:in `run'
	from /home/ubuntu/elmhurst/vendor/bundle/ruby/2.3.0/gems/rack-1.6.11/lib/rack/server.rb:287:in `start'
	from /home/ubuntu/elmhurst/vendor/bundle/ruby/2.3.0/gems/railties-4.2.8/lib/rails/commands/server.rb:80:in `start'
	from /home/ubuntu/elmhurst/vendor/bundle/ruby/2.3.0/gems/railties-4.2.8/lib/rails/commands/commands_tasks.rb:80:in `block in server'
	from /home/ubuntu/elmhurst/vendor/bundle/ruby/2.3.0/gems/railties-4.2.8/lib/rails/commands/commands_tasks.rb:75:in `tap'
	from /home/ubuntu/elmhurst/vendor/bundle/ruby/2.3.0/gems/railties-4.2.8/lib/rails/commands/commands_tasks.rb:75:in `server'
	from /home/ubuntu/elmhurst/vendor/bundle/ruby/2.3.0/gems/railties-4.2.8/lib/rails/commands/commands_tasks.rb:39:in `run_command!'
	from /home/ubuntu/elmhurst/vendor/bundle/ruby/2.3.0/gems/railties-4.2.8/lib/rails/commands.rb:17:in `<top (required)>'
	from /home/ubuntu/elmhurst/bin/rails:9:in `require'
	from /home/ubuntu/elmhurst/bin/rails:9:in `<top (required)>'
	from /home/ubuntu/elmhurst/vendor/bundle/ruby/2.3.0/gems/spring-2.0.2/lib/spring/client/rails.rb:28:in `load'
	from /home/ubuntu/elmhurst/vendor/bundle/ruby/2.3.0/gems/spring-2.0.2/lib/spring/client/rails.rb:28:in `call'
	from /home/ubuntu/elmhurst/vendor/bundle/ruby/2.3.0/gems/spring-2.0.2/lib/spring/client/command.rb:7:in `call'
	from /home/ubuntu/elmhurst/vendor/bundle/ruby/2.3.0/gems/spring-2.0.2/lib/spring/client.rb:30:in `run'
	from /home/ubuntu/elmhurst/vendor/bundle/ruby/2.3.0/gems/spring-2.0.2/bin/spring:49:in `<top (required)>'
	from /home/ubuntu/elmhurst/vendor/bundle/ruby/2.3.0/gems/spring-2.0.2/lib/spring/binstub.rb:31:in `load'
	from /home/ubuntu/elmhurst/vendor/bundle/ruby/2.3.0/gems/spring-2.0.2/lib/spring/binstub.rb:31:in `<top (required)>'
	from /home/ubuntu/.rbenv/versions/2.3.0/lib/ruby/2.3.0/rubygems/core_ext/kernel_require.rb:68:in `require'
	from /home/ubuntu/.rbenv/versions/2.3.0/lib/ruby/2.3.0/rubygems/core_ext/kernel_require.rb:68:in `require'
	from /home/ubuntu/elmhurst/bin/spring:13:in `<top (required)>'
	from bin/rails:3:in `load'
	from bin/rails:3:in `<main>'
=== puma startup: 2019-06-24 19:36:14 +0000 ===
/home/ubuntu/elmhurst/vendor/bundle/ruby/2.3.0/gems/puma-3.12.1/lib/puma/launcher.rb:133:in `initialize': No such file or directory @ rb_sysopen - /home/ubuntu/elmhurst/shared/pids/puma.pid (Errno::ENOENT)
	from /home/ubuntu/elmhurst/vendor/bundle/ruby/2.3.0/gems/puma-3.12.1/lib/puma/launcher.rb:133:in `open'
	from /home/ubuntu/elmhurst/vendor/bundle/ruby/2.3.0/gems/puma-3.12.1/lib/puma/launcher.rb:133:in `write_pid'
	from /home/ubuntu/elmhurst/vendor/bundle/ruby/2.3.0/gems/puma-3.12.1/lib/puma/launcher.rb:106:in `write_state'
	from /home/ubuntu/elmhurst/vendor/bundle/ruby/2.3.0/gems/puma-3.12.1/lib/puma/cluster.rb:460:in `run'
	from /home/ubuntu/elmhurst/vendor/bundle/ruby/2.3.0/gems/puma-3.12.1/lib/puma/launcher.rb:186:in `run'
	from /home/ubuntu/elmhurst/vendor/bundle/ruby/2.3.0/gems/puma-3.12.1/lib/rack/handler/puma.rb:73:in `run'
	from /home/ubuntu/elmhurst/vendor/bundle/ruby/2.3.0/gems/rack-1.6.11/lib/rack/server.rb:287:in `start'
	from /home/ubuntu/elmhurst/vendor/bundle/ruby/2.3.0/gems/railties-4.2.8/lib/rails/commands/server.rb:80:in `start'
	from /home/ubuntu/elmhurst/vendor/bundle/ruby/2.3.0/gems/railties-4.2.8/lib/rails/commands/commands_tasks.rb:80:in `block in server'
	from /home/ubuntu/elmhurst/vendor/bundle/ruby/2.3.0/gems/railties-4.2.8/lib/rails/commands/commands_tasks.rb:75:in `tap'
	from /home/ubuntu/elmhurst/vendor/bundle/ruby/2.3.0/gems/railties-4.2.8/lib/rails/commands/commands_tasks.rb:75:in `server'
	from /home/ubuntu/elmhurst/vendor/bundle/ruby/2.3.0/gems/railties-4.2.8/lib/rails/commands/commands_tasks.rb:39:in `run_command!'
	from /home/ubuntu/elmhurst/vendor/bundle/ruby/2.3.0/gems/railties-4.2.8/lib/rails/commands.rb:17:in `<top (required)>'
	from /home/ubuntu/elmhurst/bin/rails:9:in `require'
	from /home/ubuntu/elmhurst/bin/rails:9:in `<top (required)>'
	from /home/ubuntu/elmhurst/vendor/bundle/ruby/2.3.0/gems/spring-2.0.2/lib/spring/client/rails.rb:28:in `load'
	from /home/ubuntu/elmhurst/vendor/bundle/ruby/2.3.0/gems/spring-2.0.2/lib/spring/client/rails.rb:28:in `call'
	from /home/ubuntu/elmhurst/vendor/bundle/ruby/2.3.0/gems/spring-2.0.2/lib/spring/client/command.rb:7:in `call'
	from /home/ubuntu/elmhurst/vendor/bundle/ruby/2.3.0/gems/spring-2.0.2/lib/spring/client.rb:30:in `run'
	from /home/ubuntu/elmhurst/vendor/bundle/ruby/2.3.0/gems/spring-2.0.2/bin/spring:49:in `<top (required)>'
	from /home/ubuntu/elmhurst/vendor/bundle/ruby/2.3.0/gems/spring-2.0.2/lib/spring/binstub.rb:31:in `load'
	from /home/ubuntu/elmhurst/vendor/bundle/ruby/2.3.0/gems/spring-2.0.2/lib/spring/binstub.rb:31:in `<top (required)>'
	from /home/ubuntu/.rbenv/versions/2.3.0/lib/ruby/2.3.0/rubygems/core_ext/kernel_require.rb:68:in `require'
	from /home/ubuntu/.rbenv/versions/2.3.0/lib/ruby/2.3.0/rubygems/core_ext/kernel_require.rb:68:in `require'
	from /home/ubuntu/elmhurst/bin/spring:13:in `<top (required)>'
	from bin/rails:3:in `load'
	from bin/rails:3:in `<main>'
=== puma startup: 2019-06-24 19:36:23 +0000 ===
/home/ubuntu/.rbenv/versions/2.3.0/lib/ruby/gems/2.3.0/gems/puma-3.12.1/lib/puma/launcher.rb:133:in `initialize': No such file or directory @ rb_sysopen - /home/ubuntu/elmhurst/shared/pids/puma.pid (Errno::ENOENT)
	from /home/ubuntu/.rbenv/versions/2.3.0/lib/ruby/gems/2.3.0/gems/puma-3.12.1/lib/puma/launcher.rb:133:in `open'
	from /home/ubuntu/.rbenv/versions/2.3.0/lib/ruby/gems/2.3.0/gems/puma-3.12.1/lib/puma/launcher.rb:133:in `write_pid'
	from /home/ubuntu/.rbenv/versions/2.3.0/lib/ruby/gems/2.3.0/gems/puma-3.12.1/lib/puma/launcher.rb:106:in `write_state'
	from /home/ubuntu/.rbenv/versions/2.3.0/lib/ruby/gems/2.3.0/gems/puma-3.12.1/lib/puma/cluster.rb:460:in `run'
	from /home/ubuntu/.rbenv/versions/2.3.0/lib/ruby/gems/2.3.0/gems/puma-3.12.1/lib/puma/launcher.rb:186:in `run'
	from /home/ubuntu/.rbenv/versions/2.3.0/lib/ruby/gems/2.3.0/gems/puma-3.12.1/lib/puma/cli.rb:80:in `run'
	from /home/ubuntu/.rbenv/versions/2.3.0/lib/ruby/gems/2.3.0/gems/puma-3.12.1/bin/puma:10:in `<top (required)>'
	from /home/ubuntu/.rbenv/versions/2.3.0/bin/puma:23:in `load'
	from /home/ubuntu/.rbenv/versions/2.3.0/bin/puma:23:in `<main>'
=== puma startup: 2019-06-24 19:37:08 +0000 ===
/home/ubuntu/.rbenv/versions/2.3.0/lib/ruby/gems/2.3.0/gems/puma-3.12.1/lib/puma/launcher.rb:133:in `initialize': No such file or directory @ rb_sysopen - /home/ubuntu/elmhurst/shared/pids/puma.pid (Errno::ENOENT)
	from /home/ubuntu/.rbenv/versions/2.3.0/lib/ruby/gems/2.3.0/gems/puma-3.12.1/lib/puma/launcher.rb:133:in `open'
	from /home/ubuntu/.rbenv/versions/2.3.0/lib/ruby/gems/2.3.0/gems/puma-3.12.1/lib/puma/launcher.rb:133:in `write_pid'
	from /home/ubuntu/.rbenv/versions/2.3.0/lib/ruby/gems/2.3.0/gems/puma-3.12.1/lib/puma/launcher.rb:106:in `write_state'
	from /home/ubuntu/.rbenv/versions/2.3.0/lib/ruby/gems/2.3.0/gems/puma-3.12.1/lib/puma/cluster.rb:460:in `run'
	from /home/ubuntu/.rbenv/versions/2.3.0/lib/ruby/gems/2.3.0/gems/puma-3.12.1/lib/puma/launcher.rb:186:in `run'
	from /home/ubuntu/.rbenv/versions/2.3.0/lib/ruby/gems/2.3.0/gems/puma-3.12.1/lib/puma/cli.rb:80:in `run'
	from /home/ubuntu/.rbenv/versions/2.3.0/lib/ruby/gems/2.3.0/gems/puma-3.12.1/bin/puma:10:in `<top (required)>'
	from /home/ubuntu/.rbenv/versions/2.3.0/bin/puma:23:in `load'
	from /home/ubuntu/.rbenv/versions/2.3.0/bin/puma:23:in `<main>'
=== puma startup: 2019-06-24 19:38:40 +0000 ===
=== puma startup: 2019-06-24 19:40:18 +0000 ===
=== puma startup: 2019-06-24 19:42:25 +0000 ===
=== puma startup: 2019-06-24 19:43:14 +0000 ===
=== puma startup: 2019-06-24 19:45:20 +0000 ===
/home/ubuntu/.rbenv/versions/2.3.0/lib/ruby/gems/2.3.0/gems/puma-3.12.1/lib/puma/launcher.rb:133:in `initialize': Permission denied @ rb_sysopen - /home/ubuntu/elmhurst/shared/pids/puma.pid (Errno::EACCES)
	from /home/ubuntu/.rbenv/versions/2.3.0/lib/ruby/gems/2.3.0/gems/puma-3.12.1/lib/puma/launcher.rb:133:in `open'
	from /home/ubuntu/.rbenv/versions/2.3.0/lib/ruby/gems/2.3.0/gems/puma-3.12.1/lib/puma/launcher.rb:133:in `write_pid'
	from /home/ubuntu/.rbenv/versions/2.3.0/lib/ruby/gems/2.3.0/gems/puma-3.12.1/lib/puma/launcher.rb:106:in `write_state'
	from /home/ubuntu/.rbenv/versions/2.3.0/lib/ruby/gems/2.3.0/gems/puma-3.12.1/lib/puma/cluster.rb:460:in `run'
	from /home/ubuntu/.rbenv/versions/2.3.0/lib/ruby/gems/2.3.0/gems/puma-3.12.1/lib/puma/launcher.rb:186:in `run'
	from /home/ubuntu/.rbenv/versions/2.3.0/lib/ruby/gems/2.3.0/gems/puma-3.12.1/lib/puma/cli.rb:80:in `run'
	from /home/ubuntu/.rbenv/versions/2.3.0/lib/ruby/gems/2.3.0/gems/puma-3.12.1/bin/puma:10:in `<top (required)>'
	from /home/ubuntu/.rbenv/versions/2.3.0/bin/puma:23:in `load'
	from /home/ubuntu/.rbenv/versions/2.3.0/bin/puma:23:in `<main>'
=== puma startup: 2019-06-24 19:47:51 +0000 ===
=== puma startup: 2019-06-24 19:59:10 +0000 ===
bundler: failed to load command: puma (/home/ubuntu/elmhurst/vendor/bundle/ruby/2.3.0/bin/puma)
Errno::EACCES: Permission denied @ rb_sysopen - /home/ubuntu/elmhurst/shared/pids/puma.pid
  /home/ubuntu/elmhurst/vendor/bundle/ruby/2.3.0/gems/puma-3.12.1/lib/puma/launcher.rb:133:in `initialize'
  /home/ubuntu/elmhurst/vendor/bundle/ruby/2.3.0/gems/puma-3.12.1/lib/puma/launcher.rb:133:in `open'
  /home/ubuntu/elmhurst/vendor/bundle/ruby/2.3.0/gems/puma-3.12.1/lib/puma/launcher.rb:133:in `write_pid'
  /home/ubuntu/elmhurst/vendor/bundle/ruby/2.3.0/gems/puma-3.12.1/lib/puma/launcher.rb:106:in `write_state'
  /home/ubuntu/elmhurst/vendor/bundle/ruby/2.3.0/gems/puma-3.12.1/lib/puma/cluster.rb:460:in `run'
  /home/ubuntu/elmhurst/vendor/bundle/ruby/2.3.0/gems/puma-3.12.1/lib/puma/launcher.rb:186:in `run'
  /home/ubuntu/elmhurst/vendor/bundle/ruby/2.3.0/gems/puma-3.12.1/lib/puma/cli.rb:80:in `run'
  /home/ubuntu/elmhurst/vendor/bundle/ruby/2.3.0/gems/puma-3.12.1/bin/puma:10:in `<top (required)>'
  /home/ubuntu/elmhurst/vendor/bundle/ruby/2.3.0/bin/puma:23:in `load'
  /home/ubuntu/elmhurst/vendor/bundle/ruby/2.3.0/bin/puma:23:in `<top (required)>'
=== puma startup: 2019-06-25 09:24:41 +0000 ===
/home/ubuntu/elmhurst/vendor/bundle/ruby/2.3.0/gems/puma-3.12.1/lib/puma/launcher.rb:133:in `initialize': No such file or directory @ rb_sysopen - /home/ubuntu/elmhurst/shared/tmp/pids/puma.pid (Errno::ENOENT)
	from /home/ubuntu/elmhurst/vendor/bundle/ruby/2.3.0/gems/puma-3.12.1/lib/puma/launcher.rb:133:in `open'
	from /home/ubuntu/elmhurst/vendor/bundle/ruby/2.3.0/gems/puma-3.12.1/lib/puma/launcher.rb:133:in `write_pid'
	from /home/ubuntu/elmhurst/vendor/bundle/ruby/2.3.0/gems/puma-3.12.1/lib/puma/launcher.rb:106:in `write_state'
	from /home/ubuntu/elmhurst/vendor/bundle/ruby/2.3.0/gems/puma-3.12.1/lib/puma/cluster.rb:460:in `run'
	from /home/ubuntu/elmhurst/vendor/bundle/ruby/2.3.0/gems/puma-3.12.1/lib/puma/launcher.rb:186:in `run'
	from /home/ubuntu/elmhurst/vendor/bundle/ruby/2.3.0/gems/puma-3.12.1/lib/puma/cli.rb:80:in `run'
	from /home/ubuntu/elmhurst/vendor/bundle/ruby/2.3.0/gems/puma-3.12.1/bin/puma:10:in `<top (required)>'
	from /home/ubuntu/.rvm/gems/ruby-2.3.0@elmhurst/bin/puma:23:in `load'
	from /home/ubuntu/.rvm/gems/ruby-2.3.0@elmhurst/bin/puma:23:in `<main>'
	from /home/ubuntu/.rvm/gems/ruby-2.3.0@elmhurst/bin/ruby_executable_hooks:15:in `eval'
	from /home/ubuntu/.rvm/gems/ruby-2.3.0@elmhurst/bin/ruby_executable_hooks:15:in `<main>'
=== puma startup: 2019-06-25 09:26:55 +0000 ===
=== puma startup: 2019-06-25 09:27:43 +0000 ===
=== puma startup: 2019-06-25 09:28:30 +0000 ===
=== puma startup: 2019-06-25 09:30:40 +0000 ===
=== puma startup: 2019-06-25 09:40:56 +0000 ===
=== puma startup: 2019-06-25 09:50:41 +0000 ===
=== puma startup: 2019-06-25 09:51:22 +0000 ===
=== puma startup: 2019-06-25 09:52:13 +0000 ===
=== puma startup: 2019-06-25 09:53:38 +0000 ===
=== puma startup: 2019-06-25 09:55:32 +0000 ===
=== puma startup: 2019-06-25 09:58:28 +0000 ===
=== puma startup: 2019-06-25 10:04:01 +0000 ===
=== puma startup: 2019-06-25 10:18:01 +0000 ===
